# JRE version: Java(TM) SE Runtime Environment (8.0_202-b08) (build 1.8.0_202-b08)
# Java VM: Java HotSpot(TM) 64-Bit Server VM (25.202-b08 mixed mode windows-amd64 compressed oops)
Heap:
 PSYoungGen      total 318464K, used 31406K [0x00000000eb400000, 0x00000000fff00000, 0x0000000100000000)
  eden space 301056K, 10% used [0x00000000eb400000,0x00000000ed2abb30,0x00000000fda00000)
  from space 17408K, 0% used [0x00000000fee00000,0x00000000fee00000,0x00000000fff00000)
  to   space 18944K, 0% used [0x00000000fda00000,0x00000000fda00000,0x00000000fec80000)
 ParOldGen       total 54784K, used 22625K [0x00000000c1c00000, 0x00000000c5180000, 0x00000000eb400000)
  object space 54784K, 41% used [0x00000000c1c00000,0x00000000c3218710,0x00000000c5180000)
 Metaspace       used 58558K, capacity 62198K, committed 62592K, reserved 1105920K
  class space    used 7835K, capacity 8474K, committed 8576K, reserved 1048576K
GC Heap History (10 events):
Event: 64.841 GC heap before
{Heap before GC invocations=11 (full 1):
 PSYoungGen      total 135680K, used 96817K [0x00000000eb400000, 0x00000000f8a00000, 0x0000000100000000)
  eden space 128000K, 69% used [0x00000000eb400000,0x00000000f0b0e2d8,0x00000000f3100000)
  from space 7680K, 99% used [0x00000000f3100000,0x00000000f387e3a0,0x00000000f3880000)
  to   space 10240K, 0% used [0x00000000f8000000,0x00000000f8000000,0x00000000f8a00000)
 ParOldGen       total 27648K, used 11320K [0x00000000c1c00000, 0x00000000c3700000, 0x00000000eb400000)
  object space 27648K, 40% used [0x00000000c1c00000,0x00000000c270e288,0x00000000c3700000)
 Metaspace       used 33246K, capacity 35306K, committed 35496K, reserved 1079296K
  class space    used 4494K, capacity 4849K, committed 4864K, reserved 1048576K
Event: 64.883 GC heap after
Heap after GC invocations=11 (full 1):
 PSYoungGen      total 207360K, used 10216K [0x00000000eb400000, 0x00000000f8c00000, 0x0000000100000000)
  eden space 197120K, 0% used [0x00000000eb400000,0x00000000eb400000,0x00000000f7480000)
  from space 10240K, 99% used [0x00000000f8000000,0x00000000f89fa348,0x00000000f8a00000)
  to   space 11776K, 0% used [0x00000000f7480000,0x00000000f7480000,0x00000000f8000000)
 ParOldGen       total 27648K, used 11912K [0x00000000c1c00000, 0x00000000c3700000, 0x00000000eb400000)
  object space 27648K, 43% used [0x00000000c1c00000,0x00000000c27a2218,0x00000000c3700000)
 Metaspace       used 33246K, capacity 35306K, committed 35496K, reserved 1079296K
  class space    used 4494K, capacity 4849K, committed 4864K, reserved 1048576K
}
Event: 64.883 GC heap before
{Heap before GC invocations=12 (full 2):
 PSYoungGen      total 207360K, used 10216K [0x00000000eb400000, 0x00000000f8c00000, 0x0000000100000000)
  eden space 197120K, 0% used [0x00000000eb400000,0x00000000eb400000,0x00000000f7480000)
  from space 10240K, 99% used [0x00000000f8000000,0x00000000f89fa348,0x00000000f8a00000)
  to   space 11776K, 0% used [0x00000000f7480000,0x00000000f7480000,0x00000000f8000000)
 ParOldGen       total 27648K, used 11912K [0x00000000c1c00000, 0x00000000c3700000, 0x00000000eb400000)
  object space 27648K, 43% used [0x00000000c1c00000,0x00000000c27a2218,0x00000000c3700000)
 Metaspace       used 33246K, capacity 35306K, committed 35496K, reserved 1079296K
  class space    used 4494K, capacity 4849K, committed 4864K, reserved 1048576K
Event: 64.963 GC heap after
Heap after GC invocations=12 (full 2):
 PSYoungGen      total 207360K, used 0K [0x00000000eb400000, 0x00000000f8c00000, 0x0000000100000000)
  eden space 197120K, 0% used [0x00000000eb400000,0x00000000eb400000,0x00000000f7480000)
  from space 10240K, 0% used [0x00000000f8000000,0x00000000f8000000,0x00000000f8a00000)
  to   space 11776K, 0% used [0x00000000f7480000,0x00000000f7480000,0x00000000f8000000)
 ParOldGen       total 39424K, used 16695K [0x00000000c1c00000, 0x00000000c4280000, 0x00000000eb400000)
  object space 39424K, 42% used [0x00000000c1c00000,0x00000000c2c4dd58,0x00000000c4280000)
 Metaspace       used 33246K, capacity 35306K, committed 35496K, reserved 1079296K
  class space    used 4494K, capacity 4849K, committed 4864K, reserved 1048576K
}
Event: 106.625 GC heap before
{Heap before GC invocations=13 (full 2):
 PSYoungGen      total 207360K, used 197120K [0x00000000eb400000, 0x00000000f8c00000, 0x0000000100000000)
  eden space 197120K, 100% used [0x00000000eb400000,0x00000000f7480000,0x00000000f7480000)
  from space 10240K, 0% used [0x00000000f8000000,0x00000000f8000000,0x00000000f8a00000)
  to   space 11776K, 0% used [0x00000000f7480000,0x00000000f7480000,0x00000000f8000000)
 ParOldGen       total 39424K, used 16695K [0x00000000c1c00000, 0x00000000c4280000, 0x00000000eb400000)
  object space 39424K, 42% used [0x00000000c1c00000,0x00000000c2c4dd58,0x00000000c4280000)
 Metaspace       used 54348K, capacity 57964K, committed 58112K, reserved 1099776K
  class space    used 7479K, capacity 8125K, committed 8192K, reserved 1048576K
Event: 106.679 GC heap after
Heap after GC invocations=13 (full 2):
 PSYoungGen      total 208896K, used 11753K [0x00000000eb400000, 0x0000000100000000, 0x0000000100000000)
  eden space 197120K, 0% used [0x00000000eb400000,0x00000000eb400000,0x00000000f7480000)
  from space 11776K, 99% used [0x00000000f7480000,0x00000000f7ffa6f8,0x00000000f8000000)
  to   space 18432K, 0% used [0x00000000fee00000,0x00000000fee00000,0x0000000100000000)
 ParOldGen       total 39424K, used 31157K [0x00000000c1c00000, 0x00000000c4280000, 0x00000000eb400000)
  object space 39424K, 79% used [0x00000000c1c00000,0x00000000c3a6d570,0x00000000c4280000)
 Metaspace       used 54348K, capacity 57964K, committed 58112K, reserved 1099776K
  class space    used 7479K, capacity 8125K, committed 8192K, reserved 1048576K
}
Event: 113.957 GC heap before
{Heap before GC invocations=14 (full 2):
 PSYoungGen      total 208896K, used 24906K [0x00000000eb400000, 0x0000000100000000, 0x0000000100000000)
  eden space 197120K, 6% used [0x00000000eb400000,0x00000000ec0d8178,0x00000000f7480000)
  from space 11776K, 99% used [0x00000000f7480000,0x00000000f7ffa6f8,0x00000000f8000000)
  to   space 18432K, 0% used [0x00000000fee00000,0x00000000fee00000,0x0000000100000000)
 ParOldGen       total 39424K, used 31157K [0x00000000c1c00000, 0x00000000c4280000, 0x00000000eb400000)
  object space 39424K, 79% used [0x00000000c1c00000,0x00000000c3a6d570,0x00000000c4280000)
 Metaspace       used 55399K, capacity 59084K, committed 59160K, reserved 1099776K
  class space    used 7613K, capacity 8273K, committed 8320K, reserved 1048576K
Event: 113.980 GC heap after
Heap after GC invocations=14 (full 2):
 PSYoungGen      total 318464K, used 1337K [0x00000000eb400000, 0x00000000fff00000, 0x0000000100000000)
  eden space 301056K, 0% used [0x00000000eb400000,0x00000000eb400000,0x00000000fda00000)
  from space 17408K, 7% used [0x00000000fee00000,0x00000000fef4e418,0x00000000fff00000)
  to   space 18944K, 0% used [0x00000000fda00000,0x00000000fda00000,0x00000000fec80000)
 ParOldGen       total 41472K, used 41447K [0x00000000c1c00000, 0x00000000c4480000, 0x00000000eb400000)
  object space 41472K, 99% used [0x00000000c1c00000,0x00000000c4479f48,0x00000000c4480000)
 Metaspace       used 55399K, capacity 59084K, committed 59160K, reserved 1099776K
  class space    used 7613K, capacity 8273K, committed 8320K, reserved 1048576K
}
Event: 113.980 GC heap before
{Heap before GC invocations=15 (full 3):
 PSYoungGen      total 318464K, used 1337K [0x00000000eb400000, 0x00000000fff00000, 0x0000000100000000)
  eden space 301056K, 0% used [0x00000000eb400000,0x00000000eb400000,0x00000000fda00000)
  from space 17408K, 7% used [0x00000000fee00000,0x00000000fef4e418,0x00000000fff00000)
  to   space 18944K, 0% used [0x00000000fda00000,0x00000000fda00000,0x00000000fec80000)
 ParOldGen       total 41472K, used 41447K [0x00000000c1c00000, 0x00000000c4480000, 0x00000000eb400000)
  object space 41472K, 99% used [0x00000000c1c00000,0x00000000c4479f48,0x00000000c4480000)
 Metaspace       used 55399K, capacity 59084K, committed 59160K, reserved 1099776K
  class space    used 7613K, capacity 8273K, committed 8320K, reserved 1048576K
Event: 114.313 GC heap after
Heap after GC invocations=15 (full 3):
 PSYoungGen      total 318464K, used 0K [0x00000000eb400000, 0x00000000fff00000, 0x0000000100000000)
  eden space 301056K, 0% used [0x00000000eb400000,0x00000000eb400000,0x00000000fda00000)
  from space 17408K, 0% used [0x00000000fee00000,0x00000000fee00000,0x00000000fff00000)
  to   space 18944K, 0% used [0x00000000fda00000,0x00000000fda00000,0x00000000fec80000)
 ParOldGen       total 54784K, used 22625K [0x00000000c1c00000, 0x00000000c5180000, 0x00000000eb400000)
  object space 54784K, 41% used [0x00000000c1c00000,0x00000000c3218710,0x00000000c5180000)
 Metaspace       used 55357K, capacity 58964K, committed 59160K, reserved 1099776K
  class space    used 7599K, capacity 8249K, committed 8320K, reserved 1048576K
}

